c[?7l[2J[0mSeaBIOS (version 1.13.0-1ubuntu1.1)


iPXE (http://ipxe.org) 00:03.0 CA00 PCI2.10 PnP PMM+07F8CA10+07ECCA10 CA00
Press Ctrl-B to configure iPXE (PCI 00:03.0)...                                                                               


Booting from Hard Disk..(THU.CST) os is loading ...

Special kernel symbols:
  entry  0x00100000 (phys)
  etext  0x00103835 (phys)
  edata  0x00110a16 (phys)
  end    0x00111d80 (phys)
Kernel executable memory footprint: 72KB
ebp:0x00007b38 eip:0x00100abf args:0x00010094 0x00010094 0x00007b68 0x001000a8 
    kern/debug/kdebug.c:305: print_stackframe+25
ebp:0x00007b48 eip:0x00100dd3 args:0x00000000 0x00000000 0x00000000 0x00007bb8 
    kern/debug/kmonitor.c:125: mon_backtrace+14
ebp:0x00007b68 eip:0x001000a8 args:0x00000000 0x00007b90 0xffff0000 0x00007b94 
    kern/init/init.c:57: grade_backtrace2+23
ebp:0x00007b88 eip:0x001000ce args:0x00000000 0xffff0000 0x00007bb4 0x00000029 
    kern/init/init.c:62: grade_backtrace1+31
ebp:0x00007ba8 eip:0x001000ef args:0x00000000 0x00100000 0xffff0000 0x00100043 
    kern/init/init.c:67: grade_backtrace0+23
ebp:0x00007bc8 eip:0x00100114 args:0x00000000 0x00000000 0x00103840 0x00010094 
    kern/init/init.c:72: grade_backtrace+30
ebp:0x00007be8 eip:0x00100050 args:0x00000000 0x00000000 0x00000000 0x00007c4f 
    kern/init/init.c:30: kern_init+79
ebp:0x00007bf8 eip:0x00007d71 args:0xc031fcfa 0xc08ed88e 0x64e4d08e 0xfa7502a8 
    <unknow>: -- 0x00007d70 --
++ setup timer interrupts
0: @ring 0
0:  cs = 8
0:  ds = 10
0:  es = 10
0:  ss = 10
+++ switch to  user  mode +++
1: @ring 3
1:  cs = 1b
1:  ds = 23
1:  es = 23
1:  ss = 23
+++ switch to kernel mode +++
2: @ring 0
2:  cs = 8
2:  ds = 10
2:  es = 10
2:  ss = 10
100 ticks
End of Test.
kernel panic at kern/trap/trap.c:19:
    EOT: kernel seems ok.
stack trackback:
ebp:0x00007af0 eip:0x00100abf args:0x00000020 0x001033e5 0x00007b1c 0x00007b24 
    kern/debug/kdebug.c:305: print_stackframe+25
ebp:0x00007b10 eip:0x00100480 args:0x00103bce 0x00000013 0x00103bb8 0x00010094 
    kern/debug/panic.c:27: __panic+111
ebp:0x00007b30 eip:0x00101955 args:0x001038a7 0x00007b9c 0x00010094 0x00010094 
    kern/trap/trap.c:0: print_ticks+63
ebp:0x00007b60 eip:0x00101e57 args:0x00007b8c 0x0000001e 0x00010094 0x00000000 
    kern/trap/trap.c:158: trap_dispatch+154
ebp:0x00007b80 eip:0x0010213d args:0x00007b8c 0x00000000 0x00010094 0x00007be8 
    kern/trap/trap.c:238: trap+20
ebp:0x00007be8 eip:0x00102bc9 args:0x00000000 0x00000000 0x00000000 0x00007c4f 
    kern/trap/trapentry.S:24: <unknown>+0
ebp:0x00007bf8 eip:0x00007d71 args:0xc031fcfa 0xc08ed88e 0x64e4d08e 0xfa7502a8 
    <unknow>: -- 0x00007d70 --
Welcome to the kernel debug monitor!!
Type 'help' for a list of commands.
K> 